[35m[1mScanning dependencies of target path_finder[0m
[35m[1mScanning dependencies of target map_manag[0m
[35m[1mScanning dependencies of target RViz[0m
[35m[1mScanning dependencies of target node[0m
[ 25%] [32mBuilding CXX object CMakeFiles/path_finder.dir/path_finder.cpp.o[0m
[ 25%] [32mBuilding CXX object CMakeFiles/node.dir/node.cpp.o[0m
[ 37%] [32mBuilding CXX object CMakeFiles/map_manag.dir/map_manag.cpp.o[0m
[ 50%] [32mBuilding CXX object CMakeFiles/RViz.dir/RViz.cpp.o[0m
[01m[K/home/lattinone/Desktop/simple_planner_rp/src/node.cpp:[m[K In function ‘[01m[Kint main(int, char**)[m[K’:
[01m[K/home/lattinone/Desktop/simple_planner_rp/src/node.cpp:60:13:[m[K [01;31m[Kerror: [m[Kexpected unqualified-id before ‘[01m[K.[m[K’ token
   60 |       RV_Map[01;31m[K.[m[Kupdate_robot_position(path[i]);
      |             [01;31m[K^[m[K
[01m[K/home/lattinone/Desktop/simple_planner_rp/src/node.cpp:61:14:[m[K [01;31m[Kerror: [m[Kexpected unqualified-id before ‘[01m[K.[m[K’ token
   61 |       RV_Path[01;31m[K.[m[Kupdate_path(path[i]);
      |              [01;31m[K^[m[K
make[2]: *** [CMakeFiles/node.dir/build.make:63: CMakeFiles/node.dir/node.cpp.o] Error 1
make[1]: *** [CMakeFiles/Makefile2:1735: CMakeFiles/node.dir/all] Error 2
make[1]: *** Waiting for unfinished jobs....
[ 62%] [32m[1mLinking CXX executable /home/lattinone/Desktop/simple_planner_rp/devel/.private/simple_planner_rp/lib/simple_planner_rp/path_finder[0m
[ 75%] [32m[1mLinking CXX executable /home/lattinone/Desktop/simple_planner_rp/devel/.private/simple_planner_rp/lib/simple_planner_rp/map_manag[0m
[ 87%] [32m[1mLinking CXX executable /home/lattinone/Desktop/simple_planner_rp/devel/.private/simple_planner_rp/lib/simple_planner_rp/RViz[0m
/usr/bin/ld: /usr/lib/gcc/x86_64-linux-gnu/9/../../../x86_64-linux-gnu/Scrt1.o: in function `_start':
(.text+0x24): undefined reference to `main'
collect2: error: ld returned 1 exit status
make[2]: *** [CMakeFiles/map_manag.dir/build.make:155: /home/lattinone/Desktop/simple_planner_rp/devel/.private/simple_planner_rp/lib/simple_planner_rp/map_manag] Error 1
make[1]: *** [CMakeFiles/Makefile2:1465: CMakeFiles/map_manag.dir/all] Error 2
/usr/bin/ld: /usr/lib/gcc/x86_64-linux-gnu/9/../../../x86_64-linux-gnu/Scrt1.o: in function `_start':
(.text+0x24): undefined reference to `main'
/usr/bin/ld: CMakeFiles/path_finder.dir/path_finder.cpp.o: in function `Planner::rec_path(Node*)':
path_finder.cpp:(.text+0xcd): undefined reference to `Map::get_h()'
/usr/bin/ld: path_finder.cpp:(.text+0xdb): undefined reference to `Map::get_w()'
/usr/bin/ld: path_finder.cpp:(.text+0xf9): undefined reference to `RV_Pos::RV_Pos(int, int, int, int)'
/usr/bin/ld: CMakeFiles/path_finder.dir/path_finder.cpp.o: in function `Planner::plan_path(Position)':
path_finder.cpp:(.text+0x1ee): undefined reference to `Map::get_element_at(Position)'
/usr/bin/ld: path_finder.cpp:(.text+0x21a): undefined reference to `Map::get_h()'
/usr/bin/ld: path_finder.cpp:(.text+0x22b): undefined reference to `Map::get_w()'
/usr/bin/ld: path_finder.cpp:(.text+0x24b): undefined reference to `RV_Pos::RV_Pos(int, int, int, int)'
/usr/bin/ld: path_finder.cpp:(.text+0x2c4): undefined reference to `Map::get_h()'
/usr/bin/ld: path_finder.cpp:(.text+0x2f3): undefined reference to `Map::get_w()'
/usr/bin/ld: path_finder.cpp:(.text+0x4c6): undefined reference to `Map::get_element_at(Position)'
/usr/bin/ld: path_finder.cpp:(.text+0x5b8): undefined reference to `Map::get_w()'
/usr/bin/ld: path_finder.cpp:(.text+0x5e0): undefined reference to `Map::get_h()'
/usr/bin/ld: path_finder.cpp:(.text+0x65c): undefined reference to `Map::get_element_at(Position)'
/usr/bin/ld: path_finder.cpp:(.text+0x6d4): undefined reference to `Map::get_h()'
/usr/bin/ld: path_finder.cpp:(.text+0x6e5): undefined reference to `Map::get_w()'
/usr/bin/ld: path_finder.cpp:(.text+0x705): undefined reference to `Position::Position(int, int, int, int)'
collect2: error: ld returned 1 exit status
make[2]: *** [CMakeFiles/path_finder.dir/build.make:155: /home/lattinone/Desktop/simple_planner_rp/devel/.private/simple_planner_rp/lib/simple_planner_rp/path_finder] Error 1
make[1]: *** [CMakeFiles/Makefile2:790: CMakeFiles/path_finder.dir/all] Error 2
/usr/bin/ld: /usr/lib/gcc/x86_64-linux-gnu/9/../../../x86_64-linux-gnu/Scrt1.o: in function `_start':
(.text+0x24): undefined reference to `main'
collect2: error: ld returned 1 exit status
make[2]: *** [CMakeFiles/RViz.dir/build.make:155: /home/lattinone/Desktop/simple_planner_rp/devel/.private/simple_planner_rp/lib/simple_planner_rp/RViz] Error 1
make[1]: *** [CMakeFiles/Makefile2:1762: CMakeFiles/RViz.dir/all] Error 2
make: *** [Makefile:141: all] Error 2
